{
  "uid" : "ccd6a2b4c3d69c68",
  "name" : "test_add[deci]",
  "fullName" : "test_work2.TestCalc#test_add",
  "historyId" : "44b620fa2afdbd11a372db8558e881e8",
  "time" : {
    "start" : 1608357465608,
    "stop" : 1608357465609,
    "duration" : 1
  },
  "status" : "failed",
  "statusMessage" : "AssertionError: assert 3.5549999999999997 == 3.555\n  +3.5549999999999997\n  -3.555",
  "statusTrace" : "self = <test_work2.TestCalc object at 0x10da54820>, a = 1.22, b = 2.335, expect = 3.555, work2_fixture1 = None\n\n    @pytest.mark.run(order=1)\n    @pytest.mark.add\n    @pytest.mark.parametrize(\"a,b,expect\",get_datas()[0],ids = get_datas()[1])\n    def test_add(self,a,b,expect,work2_fixture1):\n>       assert self.calc.add(a,b) == expect\nE       assert 3.5549999999999997 == 3.555\nE         +3.5549999999999997\nE         -3.555\n\ntest_work2.py:34: AssertionError",
  "flaky" : false,
  "newFailed" : false,
  "beforeStages" : [ {
    "name" : "work2_fixture1",
    "time" : {
      "start" : 1608357465580,
      "stop" : 1608357465581,
      "duration" : 1
    },
    "status" : "passed",
    "steps" : [ ],
    "attachments" : [ ],
    "parameters" : [ ],
    "stepsCount" : 0,
    "attachmentsCount" : 0,
    "shouldDisplayMessage" : false,
    "hasContent" : false
  }, {
    "name" : "_Class__pytest_setup_class",
    "time" : {
      "start" : 1608357465581,
      "stop" : 1608357465581,
      "duration" : 0
    },
    "status" : "passed",
    "steps" : [ ],
    "attachments" : [ ],
    "parameters" : [ ],
    "stepsCount" : 0,
    "attachmentsCount" : 0,
    "shouldDisplayMessage" : false,
    "hasContent" : false
  } ],
  "afterStages" : [ {
    "name" : "work2_fixture1::0",
    "time" : {
      "start" : 1608357465724,
      "stop" : 1608357465724,
      "duration" : 0
    },
    "status" : "passed",
    "steps" : [ ],
    "attachments" : [ ],
    "parameters" : [ ],
    "stepsCount" : 0,
    "attachmentsCount" : 0,
    "shouldDisplayMessage" : false,
    "hasContent" : false
  }, {
    "name" : "_Class__pytest_setup_class::0",
    "time" : {
      "start" : 1608357465722,
      "stop" : 1608357465722,
      "duration" : 0
    },
    "status" : "passed",
    "steps" : [ ],
    "attachments" : [ ],
    "parameters" : [ ],
    "stepsCount" : 0,
    "attachmentsCount" : 0,
    "shouldDisplayMessage" : false,
    "hasContent" : false
  } ],
  "labels" : [ {
    "name" : "tag",
    "value" : "run(order=1)"
  }, {
    "name" : "tag",
    "value" : "add"
  }, {
    "name" : "suite",
    "value" : "test_work2"
  }, {
    "name" : "subSuite",
    "value" : "TestCalc"
  }, {
    "name" : "host",
    "value" : "airdeMacBook-Air.local"
  }, {
    "name" : "thread",
    "value" : "21652-MainThread"
  }, {
    "name" : "framework",
    "value" : "pytest"
  }, {
    "name" : "language",
    "value" : "cpython3"
  }, {
    "name" : "package",
    "value" : "test_work2"
  }, {
    "name" : "resultFormat",
    "value" : "allure2"
  } ],
  "parameters" : [ {
    "name" : "a",
    "value" : "1.22"
  }, {
    "name" : "b",
    "value" : "2.335"
  }, {
    "name" : "expect",
    "value" : "3.555"
  } ],
  "links" : [ ],
  "hidden" : false,
  "retry" : false,
  "extra" : {
    "severity" : "normal",
    "retries" : [ ],
    "categories" : [ {
      "name" : "Product defects",
      "matchedStatuses" : [ ],
      "flaky" : false
    } ],
    "tags" : [ "add", "run(order=1)" ]
  },
  "source" : "ccd6a2b4c3d69c68.json",
  "parameterValues" : [ "1.22", "2.335", "3.555" ]
}